[0802/175733.603:ERROR:process_memory_win.cc(73)] ReadMemory at 0x20b4f10d7e0 of 72 bytes failed: Only part of a ReadProcessMemory or WriteProcessMemory request was completed. (0x12B)
[0802/175733.603:WARNING:pe_image_annotations_reader.cc(134)] could not read annotations list object in C:\Program Files (x86)\Google\Chrome\Application\84.0.4147.105\chrome_elf.dll
[0802/175733.603:ERROR:process_memory_win.cc(73)] ReadMemory at 0x20b4f200000 of 64 bytes failed: Only part of a ReadProcessMemory or WriteProcessMemory request was completed. (0x12B)
[0802/175733.603:WARNING:pe_image_reader.cc(340)] could not read dos header from C:\Windows\System32\msvcrt.dll
[0802/175733.603:ERROR:process_memory_win.cc(73)] ReadMemory at 0x20b4f149030 of 72 bytes failed: Only part of a ReadProcessMemory or WriteProcessMemory request was completed. (0x12B)
[0802/175733.603:WARNING:pe_image_annotations_reader.cc(134)] could not read annotations list object in C:\Program Files (x86)\Google\Chrome\Application\84.0.4147.105\chrome.dll
[0802/175733.603:ERROR:process_memory_win.cc(73)] ReadMemory at 0x20b4f10d7e0 of 72 bytes failed: Only part of a ReadProcessMemory or WriteProcessMemory request was completed. (0x12B)
[0802/175733.603:WARNING:pe_image_annotations_reader.cc(134)] could not read annotations list object in C:\Program Files (x86)\Google\Chrome\Application\84.0.4147.105\chrome_elf.dll
[0802/175733.603:ERROR:process_memory_win.cc(73)] ReadMemory at 0x20b4f200000 of 64 bytes failed: Only part of a ReadProcessMemory or WriteProcessMemory request was completed. (0x12B)
[0802/175733.618:WARNING:pe_image_reader.cc(340)] could not read dos header from C:\Windows\System32\msvcrt.dll
[0802/175733.618:ERROR:process_memory_win.cc(73)] ReadMemory at 0x20b4f149030 of 72 bytes failed: Only part of a ReadProcessMemory or WriteProcessMemory request was completed. (0x12B)
[0802/175733.618:WARNING:pe_image_annotations_reader.cc(134)] could not read annotations list object in C:\Program Files (x86)\Google\Chrome\Application\84.0.4147.105\chrome.dll
[0802/175733.618:ERROR:process_memory_win.cc(73)] ReadMemory at 0x20b4f10d7e0 of 72 bytes failed: Only part of a ReadProcessMemory or WriteProcessMemory request was completed. (0x12B)
[0802/175733.618:WARNING:pe_image_annotations_reader.cc(134)] could not read annotations list object in C:\Program Files (x86)\Google\Chrome\Application\84.0.4147.105\chrome_elf.dll
[0802/175733.618:ERROR:process_memory_win.cc(73)] ReadMemory at 0x20b4f200000 of 64 bytes failed: Only part of a ReadProcessMemory or WriteProcessMemory request was completed. (0x12B)
[0802/175733.618:WARNING:pe_image_reader.cc(340)] could not read dos header from C:\Windows\System32\msvcrt.dll
[0802/175733.618:ERROR:process_memory_win.cc(73)] ReadMemory at 0x20b4f149030 of 72 bytes failed: Only part of a ReadProcessMemory or WriteProcessMemory request was completed. (0x12B)
[0802/175733.618:WARNING:pe_image_annotations_reader.cc(134)] could not read annotations list object in C:\Program Files (x86)\Google\Chrome\Application\84.0.4147.105\chrome.dll
[0802/175733.628:ERROR:process_memory_win.cc(73)] ReadMemory at 0xb90be7000 of 102400 bytes failed: Only part of a ReadProcessMemory or WriteProcessMemory request was completed. (0x12B)
[0802/175733.628:ERROR:process_memory_win.cc(73)] ReadMemory at 0xb913fd000 of 12288 bytes failed: Only part of a ReadProcessMemory or WriteProcessMemory request was completed. (0x12B)
[0802/175733.628:ERROR:process_memory_win.cc(73)] ReadMemory at 0xb91bfc000 of 16384 bytes failed: Only part of a ReadProcessMemory or WriteProcessMemory request was completed. (0x12B)
[0802/175733.628:ERROR:process_memory_win.cc(73)] ReadMemory at 0xb923fc000 of 16384 bytes failed: Only part of a ReadProcessMemory or WriteProcessMemory request was completed. (0x12B)
[0802/175733.628:ERROR:process_memory_win.cc(73)] ReadMemory at 0xb92bfc000 of 16384 bytes failed: Only part of a ReadProcessMemory or WriteProcessMemory request was completed. (0x12B)
[0802/175733.628:ERROR:process_memory_win.cc(73)] ReadMemory at 0xb933fe000 of 8192 bytes failed: Only part of a ReadProcessMemory or WriteProcessMemory request was completed. (0x12B)
[0802/175733.628:ERROR:process_memory_win.cc(73)] ReadMemory at 0xb93bfd000 of 12288 bytes failed: Only part of a ReadProcessMemory or WriteProcessMemory request was completed. (0x12B)
[0802/175733.628:ERROR:process_memory_win.cc(73)] ReadMemory at 0xb943fa000 of 24576 bytes failed: Only part of a ReadProcessMemory or WriteProcessMemory request was completed. (0x12B)
[0802/175733.644:ERROR:process_memory_win.cc(73)] ReadMemory at 0xb953fb000 of 20480 bytes failed: Only part of a ReadProcessMemory or WriteProcessMemory request was completed. (0x12B)
[0802/175733.644:ERROR:process_memory_win.cc(73)] ReadMemory at 0xb95bfb000 of 20480 bytes failed: Only part of a ReadProcessMemory or WriteProcessMemory request was completed. (0x12B)
[0802/175733.644:ERROR:process_memory_win.cc(73)] ReadMemory at 0xb963fa000 of 24576 bytes failed: Only part of a ReadProcessMemory or WriteProcessMemory request was completed. (0x12B)
[0802/175733.644:ERROR:process_memory_win.cc(73)] ReadMemory at 0xb96bfb000 of 20480 bytes failed: Only part of a ReadProcessMemory or WriteProcessMemory request was completed. (0x12B)
[0802/175733.644:ERROR:process_memory_win.cc(73)] ReadMemory at 0xb97bfc000 of 16384 bytes failed: Only part of a ReadProcessMemory or WriteProcessMemory request was completed. (0x12B)
[0802/175733.644:ERROR:process_memory_win.cc(73)] ReadMemory at 0xb94bfd000 of 12288 bytes failed: Only part of a ReadProcessMemory or WriteProcessMemory request was completed. (0x12B)
[0802/175733.644:ERROR:process_memory_win.cc(73)] ReadMemory at 0xb973f9000 of 28672 bytes failed: Only part of a ReadProcessMemory or WriteProcessMemory request was completed. (0x12B)
[0802/175733.644:ERROR:process_memory_win.cc(73)] ReadMemory at 0xb983ee000 of 73728 bytes failed: Only part of a ReadProcessMemory or WriteProcessMemory request was completed. (0x12B)
[0802/175733.654:ERROR:process_memory_win.cc(73)] ReadMemory at 0xb984fd000 of 12288 bytes failed: Only part of a ReadProcessMemory or WriteProcessMemory request was completed. (0x12B)
[0802/175733.654:ERROR:process_memory_win.cc(73)] ReadMemory at 0xb985fd000 of 12288 bytes failed: Only part of a ReadProcessMemory or WriteProcessMemory request was completed. (0x12B)
[0802/175733.654:ERROR:process_memory_win.cc(73)] ReadMemory at 0xb986fd000 of 12288 bytes failed: Only part of a ReadProcessMemory or WriteProcessMemory request was completed. (0x12B)
[0802/175733.654:ERROR:process_memory_win.cc(73)] ReadMemory at 0xb987bf000 of 266240 bytes failed: Only part of a ReadProcessMemory or WriteProcessMemory request was completed. (0x12B)
[0802/175733.654:ERROR:process_memory_win.cc(73)] ReadMemory at 0xb988fd000 of 12288 bytes failed: Only part of a ReadProcessMemory or WriteProcessMemory request was completed. (0x12B)
[0802/175733.654:ERROR:process_memory_win.cc(73)] ReadMemory at 0xb989fd000 of 12288 bytes failed: Only part of a ReadProcessMemory or WriteProcessMemory request was completed. (0x12B)
[0802/175733.654:ERROR:process_memory_win.cc(73)] ReadMemory at 0xb98afd000 of 12288 bytes failed: Only part of a ReadProcessMemory or WriteProcessMemory request was completed. (0x12B)
[0802/175733.654:ERROR:process_memory_win.cc(73)] ReadMemory at 0xb98bbf000 of 266240 bytes failed: Only part of a ReadProcessMemory or WriteProcessMemory request was completed. (0x12B)
[0802/175733.660:ERROR:process_memory_win.cc(73)] ReadMemory at 0xb90373000 of 852 bytes failed: Only part of a ReadProcessMemory or WriteProcessMemory request was completed. (0x12B)
[0802/175733.661:ERROR:process_memory_win.cc(73)] ReadMemory at 0xb90374000 of 6024 bytes failed: Only part of a ReadProcessMemory or WriteProcessMemory request was completed. (0x12B)
[0802/175733.661:ERROR:process_memory_win.cc(73)] ReadMemory at 0xb90376000 of 6024 bytes failed: Only part of a ReadProcessMemory or WriteProcessMemory request was completed. (0x12B)
[0802/175733.661:ERROR:process_memory_win.cc(73)] ReadMemory at 0xb90378000 of 6024 bytes failed: Only part of a ReadProcessMemory or WriteProcessMemory request was completed. (0x12B)
[0802/175733.661:ERROR:process_memory_win.cc(73)] ReadMemory at 0xb9037a000 of 6024 bytes failed: Only part of a ReadProcessMemory or WriteProcessMemory request was completed. (0x12B)
[0802/175733.661:ERROR:process_memory_win.cc(73)] ReadMemory at 0xb9037c000 of 6024 bytes failed: Only part of a ReadProcessMemory or WriteProcessMemory request was completed. (0x12B)
[0802/175733.661:ERROR:process_memory_win.cc(73)] ReadMemory at 0xb9037e000 of 6024 bytes failed: Only part of a ReadProcessMemory or WriteProcessMemory request was completed. (0x12B)
[0802/175733.661:ERROR:process_memory_win.cc(73)] ReadMemory at 0xb90380000 of 6024 bytes failed: Only part of a ReadProcessMemory or WriteProcessMemory request was completed. (0x12B)
[0802/175733.661:ERROR:process_memory_win.cc(73)] ReadMemory at 0xb90382000 of 6024 bytes failed: Only part of a ReadProcessMemory or WriteProcessMemory request was completed. (0x12B)
[0802/175733.661:ERROR:process_memory_win.cc(73)] ReadMemory at 0xb90386000 of 6024 bytes failed: Only part of a ReadProcessMemory or WriteProcessMemory request was completed. (0x12B)
[0802/175733.661:ERROR:process_memory_win.cc(73)] ReadMemory at 0xb90388000 of 6024 bytes failed: Only part of a ReadProcessMemory or WriteProcessMemory request was completed. (0x12B)
[0802/175733.661:ERROR:process_memory_win.cc(73)] ReadMemory at 0xb9038a000 of 6024 bytes failed: Only part of a ReadProcessMemory or WriteProcessMemory request was completed. (0x12B)
[0802/175733.661:ERROR:process_memory_win.cc(73)] ReadMemory at 0xb9038c000 of 6024 bytes failed: Only part of a ReadProcessMemory or WriteProcessMemory request was completed. (0x12B)
[0802/175733.661:ERROR:process_memory_win.cc(73)] ReadMemory at 0xb90390000 of 6024 bytes failed: Only part of a ReadProcessMemory or WriteProcessMemory request was completed. (0x12B)
[0802/175733.661:ERROR:process_memory_win.cc(73)] ReadMemory at 0xb90394000 of 6024 bytes failed: Only part of a ReadProcessMemory or WriteProcessMemory request was completed. (0x12B)
[0802/175733.661:ERROR:process_memory_win.cc(73)] ReadMemory at 0xb90396000 of 6024 bytes failed: Only part of a ReadProcessMemory or WriteProcessMemory request was completed. (0x12B)
[0802/175733.661:ERROR:process_memory_win.cc(73)] ReadMemory at 0xb90398000 of 6024 bytes failed: Only part of a ReadProcessMemory or WriteProcessMemory request was completed. (0x12B)
[0802/175733.661:ERROR:process_memory_win.cc(73)] ReadMemory at 0xb9039a000 of 6024 bytes failed: Only part of a ReadProcessMemory or WriteProcessMemory request was completed. (0x12B)
[0802/175733.661:ERROR:process_memory_win.cc(73)] ReadMemory at 0xb9039c000 of 6024 bytes failed: Only part of a ReadProcessMemory or WriteProcessMemory request was completed. (0x12B)
[0802/175733.661:ERROR:process_memory_win.cc(73)] ReadMemory at 0xb9039e000 of 6024 bytes failed: Only part of a ReadProcessMemory or WriteProcessMemory request was completed. (0x12B)
[0802/175733.661:ERROR:process_memory_win.cc(73)] ReadMemory at 0xb903a0000 of 6024 bytes failed: Only part of a ReadProcessMemory or WriteProcessMemory request was completed. (0x12B)
[0802/175733.661:ERROR:process_memory_win.cc(73)] ReadMemory at 0xb903a2000 of 6024 bytes failed: Only part of a ReadProcessMemory or WriteProcessMemory request was completed. (0x12B)
[0802/175733.661:ERROR:process_memory_win.cc(73)] ReadMemory at 0xb903a4000 of 6024 bytes failed: Only part of a ReadProcessMemory or WriteProcessMemory request was completed. (0x12B)
[0802/175733.661:ERROR:process_memory_win.cc(73)] ReadMemory at 0xb903a6000 of 6024 bytes failed: Only part of a ReadProcessMemory or WriteProcessMemory request was completed. (0x12B)
[0802/175733.661:ERROR:process_memory_win.cc(73)] ReadMemory at 0xb903a8000 of 6024 bytes failed: Only part of a ReadProcessMemory or WriteProcessMemory request was completed. (0x12B)
[0802/175733.661:ERROR:process_memory_win.cc(73)] ReadMemory at 0x20b4f100fe0 of 4030 bytes failed: Only part of a ReadProcessMemory or WriteProcessMemory request was completed. (0x12B)
[0802/175733.661:ERROR:process_memory_win.cc(73)] ReadMemory at 0x20b4f101fb0 of 1012 bytes failed: Only part of a ReadProcessMemory or WriteProcessMemory request was completed. (0x12B)
[0802/175733.661:ERROR:process_memory_win.cc(73)] ReadMemory at 0x20b4f1025f8 of 118 bytes failed: Only part of a ReadProcessMemory or WriteProcessMemory request was completed. (0x12B)
[0802/175733.661:ERROR:process_memory_win.cc(73)] ReadMemory at 0x20b4f102670 of 808 bytes failed: Only part of a ReadProcessMemory or WriteProcessMemory request was completed. (0x12B)
[0802/175733.661:ERROR:process_memory_win.cc(73)] ReadMemory at 0x20b4f10299a of 118 bytes failed: Only part of a ReadProcessMemory or WriteProcessMemory request was completed. (0x12B)
[0802/175733.677:ERROR:process_memory_win.cc(73)] ReadMemory at 0x20b4f102a12 of 100 bytes failed: Only part of a ReadProcessMemory or WriteProcessMemory request was completed. (0x12B)
[0802/175733.677:ERROR:process_memory_win.cc(73)] ReadMemory at 0x20b4f102a90 of 58 bytes failed: Only part of a ReadProcessMemory or WriteProcessMemory request was completed. (0x12B)
[0802/175733.677:ERROR:process_memory_win.cc(73)] ReadMemory at 0x20b4f102b90 of 132 bytes failed: Only part of a ReadProcessMemory or WriteProcessMemory request was completed. (0x12B)
[0802/175733.677:ERROR:process_memory_win.cc(73)] ReadMemory at 0x20b4f102d20 of 132 bytes failed: Only part of a ReadProcessMemory or WriteProcessMemory request was completed. (0x12B)
[0802/175733.677:ERROR:process_memory_win.cc(73)] ReadMemory at 0x20b4f102ee0 of 126 bytes failed: Only part of a ReadProcessMemory or WriteProcessMemory request was completed. (0x12B)
[0802/175733.677:ERROR:process_memory_win.cc(73)] ReadMemory at 0x20b4f1032c0 of 132 bytes failed: Only part of a ReadProcessMemory or WriteProcessMemory request was completed. (0x12B)
[0802/175733.677:ERROR:process_memory_win.cc(73)] ReadMemory at 0x20b4f103450 of 64 bytes failed: Only part of a ReadProcessMemory or WriteProcessMemory request was completed. (0x12B)
[0802/175733.677:ERROR:process_memory_win.cc(73)] ReadMemory at 0x20b4f103610 of 132 bytes failed: Only part of a ReadProcessMemory or WriteProcessMemory request was completed. (0x12B)
[0802/175733.677:ERROR:process_memory_win.cc(73)] ReadMemory at 0x20b4f1038d0 of 132 bytes failed: Only part of a ReadProcessMemory or WriteProcessMemory request was completed. (0x12B)
[0802/175733.677:ERROR:process_memory_win.cc(73)] ReadMemory at 0x20b4f103a60 of 68 bytes failed: Only part of a ReadProcessMemory or WriteProcessMemory request was completed. (0x12B)
[0802/175733.677:ERROR:process_memory_win.cc(73)] ReadMemory at 0x20b4f104b40 of 132 bytes failed: Only part of a ReadProcessMemory or WriteProcessMemory request was completed. (0x12B)
[0802/175733.677:ERROR:process_memory_win.cc(73)] ReadMemory at 0x20b4f104c70 of 154 bytes failed: Only part of a ReadProcessMemory or WriteProcessMemory request was completed. (0x12B)
[0802/175733.677:ERROR:process_memory_win.cc(73)] ReadMemory at 0x20b4f105a30 of 62 bytes failed: Only part of a ReadProcessMemory or WriteProcessMemory request was completed. (0x12B)
[0802/175733.677:ERROR:process_memory_win.cc(73)] ReadMemory at 0x20b4f105df0 of 132 bytes failed: Only part of a ReadProcessMemory or WriteProcessMemory request was completed. (0x12B)
[0802/175733.677:ERROR:process_memory_win.cc(73)] ReadMemory at 0x20b4f105f80 of 60 bytes failed: Only part of a ReadProcessMemory or WriteProcessMemory request was completed. (0x12B)
[0802/175733.677:ERROR:process_memory_win.cc(73)] ReadMemory at 0x20b4f10d790 of 60 bytes failed: Only part of a ReadProcessMemory or WriteProcessMemory request was completed. (0x12B)
[0802/175733.677:ERROR:process_memory_win.cc(73)] ReadMemory at 0x20b4f110040 of 80 bytes failed: Only part of a ReadProcessMemory or WriteProcessMemory request was completed. (0x12B)
[0802/175733.677:ERROR:process_memory_win.cc(73)] ReadMemory at 0x20b4f112c60 of 132 bytes failed: Only part of a ReadProcessMemory or WriteProcessMemory request was completed. (0x12B)
[0802/175733.677:ERROR:process_memory_win.cc(73)] ReadMemory at 0x20b4f112d90 of 132 bytes failed: Only part of a ReadProcessMemory or WriteProcessMemory request was completed. (0x12B)
[0802/175733.677:ERROR:process_memory_win.cc(73)] ReadMemory at 0x20b4f1132a0 of 132 bytes failed: Only part of a ReadProcessMemory or WriteProcessMemory request was completed. (0x12B)
[0802/175733.677:ERROR:process_memory_win.cc(73)] ReadMemory at 0x20b4f1133d0 of 146 bytes failed: Only part of a ReadProcessMemory or WriteProcessMemory request was completed. (0x12B)
[0802/175733.677:ERROR:process_memory_win.cc(73)] ReadMemory at 0x20b4f113480 of 132 bytes failed: Only part of a ReadProcessMemory or WriteProcessMemory request was completed. (0x12B)
[0802/175733.677:ERROR:process_memory_win.cc(73)] ReadMemory at 0x20b4f1138b0 of 132 bytes failed: Only part of a ReadProcessMemory or WriteProcessMemory request was completed. (0x12B)
[0802/175733.677:ERROR:process_memory_win.cc(73)] ReadMemory at 0x20b4f113ac0 of 132 bytes failed: Only part of a ReadProcessMemory or WriteProcessMemory request was completed. (0x12B)
[0802/175733.677:ERROR:process_memory_win.cc(73)] ReadMemory at 0x20b4f113df0 of 132 bytes failed: Only part of a ReadProcessMemory or WriteProcessMemory request was completed. (0x12B)
[0802/175733.677:ERROR:process_memory_win.cc(73)] ReadMemory at 0x20b4f113f20 of 132 bytes failed: Only part of a ReadProcessMemory or WriteProcessMemory request was completed. (0x12B)
[0802/175733.677:ERROR:process_memory_win.cc(73)] ReadMemory at 0x20b4f114050 of 132 bytes failed: Only part of a ReadProcessMemory or WriteProcessMemory request was completed. (0x12B)
[0802/175733.677:ERROR:process_memory_win.cc(73)] ReadMemory at 0x20b4f114180 of 132 bytes failed: Only part of a ReadProcessMemory or WriteProcessMemory request was completed. (0x12B)
[0802/175733.677:ERROR:process_memory_win.cc(73)] ReadMemory at 0x20b4f1142b0 of 132 bytes failed: Only part of a ReadProcessMemory or WriteProcessMemory request was completed. (0x12B)
[0802/175733.677:ERROR:process_memory_win.cc(73)] ReadMemory at 0x20b4f1143e0 of 132 bytes failed: Only part of a ReadProcessMemory or WriteProcessMemory request was completed. (0x12B)
[0802/175733.677:ERROR:process_memory_win.cc(73)] ReadMemory at 0x20b4f114510 of 132 bytes failed: Only part of a ReadProcessMemory or WriteProcessMemory request was completed. (0x12B)
[0802/175733.677:ERROR:process_memory_win.cc(73)] ReadMemory at 0x20b4f114640 of 132 bytes failed: Only part of a ReadProcessMemory or WriteProcessMemory request was completed. (0x12B)
[0802/175733.677:ERROR:process_memory_win.cc(73)] ReadMemory at 0x20b4f114770 of 132 bytes failed: Only part of a ReadProcessMemory or WriteProcessMemory request was completed. (0x12B)
[0802/175733.677:ERROR:process_memory_win.cc(73)] ReadMemory at 0x20b4f1148a0 of 132 bytes failed: Only part of a ReadProcessMemory or WriteProcessMemory request was completed. (0x12B)
[0802/175733.677:ERROR:process_memory_win.cc(73)] ReadMemory at 0x20b4f114b00 of 132 bytes failed: Only part of a ReadProcessMemory or WriteProcessMemory request was completed. (0x12B)
[0802/175733.677:ERROR:process_memory_win.cc(73)] ReadMemory at 0x20b4f114c30 of 132 bytes failed: Only part of a ReadProcessMemory or WriteProcessMemory request was completed. (0x12B)
[0802/175733.677:ERROR:process_memory_win.cc(73)] ReadMemory at 0x20b4f117cc0 of 132 bytes failed: Only part of a ReadProcessMemory or WriteProcessMemory request was completed. (0x12B)
[0802/175733.677:ERROR:process_memory_win.cc(73)] ReadMemory at 0x20b4f119550 of 132 bytes failed: Only part of a ReadProcessMemory or WriteProcessMemory request was completed. (0x12B)
[0802/175733.677:ERROR:process_memory_win.cc(73)] ReadMemory at 0x20b4f119770 of 132 bytes failed: Only part of a ReadProcessMemory or WriteProcessMemory request was completed. (0x12B)
[0802/175733.677:ERROR:process_memory_win.cc(73)] ReadMemory at 0x20b4f119ab0 of 58 bytes failed: Only part of a ReadProcessMemory or WriteProcessMemory request was completed. (0x12B)
[0802/175733.677:ERROR:process_memory_win.cc(73)] ReadMemory at 0x20b4f119b00 of 62 bytes failed: Only part of a ReadProcessMemory or WriteProcessMemory request was completed. (0x12B)
[0802/175733.677:ERROR:process_memory_win.cc(73)] ReadMemory at 0x20b4f119b50 of 62 bytes failed: Only part of a ReadProcessMemory or WriteProcessMemory request was completed. (0x12B)
[0802/175733.677:ERROR:process_memory_win.cc(73)] ReadMemory at 0x20b4f119bf0 of 62 bytes failed: Only part of a ReadProcessMemory or WriteProcessMemory request was completed. (0x12B)
[0802/175733.677:ERROR:process_memory_win.cc(73)] ReadMemory at 0x20b4f119d30 of 64 bytes failed: Only part of a ReadProcessMemory or WriteProcessMemory request was completed. (0x12B)
[0802/175733.677:ERROR:process_memory_win.cc(73)] ReadMemory at 0x20b4f119e20 of 64 bytes failed: Only part of a ReadProcessMemory or WriteProcessMemory request was completed. (0x12B)
[0802/175733.677:ERROR:process_memory_win.cc(73)] ReadMemory at 0x20b4f119e70 of 62 bytes failed: Only part of a ReadProcessMemory or WriteProcessMemory request was completed. (0x12B)
[0802/175733.677:ERROR:process_memory_win.cc(73)] ReadMemory at 0x20b4f11a000 of 64 bytes failed: Only part of a ReadProcessMemory or WriteProcessMemory request was completed. (0x12B)
[0802/175733.677:ERROR:process_memory_win.cc(73)] ReadMemory at 0x20b4f11a0f0 of 64 bytes failed: Only part of a ReadProcessMemory or WriteProcessMemory request was completed. (0x12B)
[0802/175733.677:ERROR:process_memory_win.cc(73)] ReadMemory at 0x20b4f11a190 of 66 bytes failed: Only part of a ReadProcessMemory or WriteProcessMemory request was completed. (0x12B)
[0802/175733.677:ERROR:process_memory_win.cc(73)] ReadMemory at 0x20b4f11a1e0 of 62 bytes failed: Only part of a ReadProcessMemory or WriteProcessMemory request was completed. (0x12B)
[0802/175733.677:ERROR:process_memory_win.cc(73)] ReadMemory at 0x20b4f11a230 of 62 bytes failed: Only part of a ReadProcessMemory or WriteProcessMemory request was completed. (0x12B)
[0802/175733.677:ERROR:process_memory_win.cc(73)] ReadMemory at 0x20b4f11a280 of 64 bytes failed: Only part of a ReadProcessMemory or WriteProcessMemory request was completed. (0x12B)
[0802/175733.692:ERROR:process_memory_win.cc(73)] ReadMemory at 0x20b4f11a320 of 64 bytes failed: Only part of a ReadProcessMemory or WriteProcessMemory request was completed. (0x12B)
[0802/175733.692:ERROR:process_memory_win.cc(73)] ReadMemory at 0x20b4f11a370 of 62 bytes failed: Only part of a ReadProcessMemory or WriteProcessMemory request was completed. (0x12B)
[0802/175733.692:ERROR:process_memory_win.cc(73)] ReadMemory at 0x20b4f11a500 of 60 bytes failed: Only part of a ReadProcessMemory or WriteProcessMemory request was completed. (0x12B)
[0802/175733.692:ERROR:process_memory_win.cc(73)] ReadMemory at 0x20b4f11a6e0 of 62 bytes failed: Only part of a ReadProcessMemory or WriteProcessMemory request was completed. (0x12B)
[0802/175733.692:ERROR:process_memory_win.cc(73)] ReadMemory at 0x20b4f11a780 of 60 bytes failed: Only part of a ReadProcessMemory or WriteProcessMemory request was completed. (0x12B)
[0802/175733.692:ERROR:process_memory_win.cc(73)] ReadMemory at 0x20b4f11a7d0 of 64 bytes failed: Only part of a ReadProcessMemory or WriteProcessMemory request was completed. (0x12B)
[0802/175733.692:ERROR:process_memory_win.cc(73)] ReadMemory at 0x20b4f11a870 of 62 bytes failed: Only part of a ReadProcessMemory or WriteProcessMemory request was completed. (0x12B)
[0802/175733.692:ERROR:process_memory_win.cc(73)] ReadMemory at 0x20b4f11a8c0 of 60 bytes failed: Only part of a ReadProcessMemory or WriteProcessMemory request was completed. (0x12B)
[0802/175733.692:ERROR:process_memory_win.cc(73)] ReadMemory at 0x20b4f11b300 of 80 bytes failed: Only part of a ReadProcessMemory or WriteProcessMemory request was completed. (0x12B)
[0802/175733.692:ERROR:process_memory_win.cc(73)] ReadMemory at 0x20b4f120a80 of 132 bytes failed: Only part of a ReadProcessMemory or WriteProcessMemory request was completed. (0x12B)
[0802/175733.692:ERROR:process_memory_win.cc(73)] ReadMemory at 0x20b4f120e10 of 132 bytes failed: Only part of a ReadProcessMemory or WriteProcessMemory request was completed. (0x12B)
[0802/175733.692:ERROR:process_memory_win.cc(73)] ReadMemory at 0x20b4f1212d0 of 132 bytes failed: Only part of a ReadProcessMemory or WriteProcessMemory request was completed. (0x12B)
[0802/175733.692:ERROR:process_memory_win.cc(73)] ReadMemory at 0x20b4f121b20 of 132 bytes failed: Only part of a ReadProcessMemory or WriteProcessMemory request was completed. (0x12B)
[0802/175733.692:ERROR:process_memory_win.cc(73)] ReadMemory at 0x20b4f176228 of 512 bytes failed: Only part of a ReadProcessMemory or WriteProcessMemory request was completed. (0x12B)
[0802/175733.692:ERROR:process_memory_win.cc(73)] ReadMemory at 0x20b4f181cc0 of 512 bytes failed: Only part of a ReadProcessMemory or WriteProcessMemory request was completed. (0x12B)
[0802/175733.692:ERROR:process_memory_win.cc(73)] ReadMemory at 0x20b4f186850 of 512 bytes failed: Only part of a ReadProcessMemory or WriteProcessMemory request was completed. (0x12B)
[0802/175733.692:ERROR:process_memory_win.cc(73)] ReadMemory at 0x20b4f1a5ef0 of 512 bytes failed: Only part of a ReadProcessMemory or WriteProcessMemory request was completed. (0x12B)
[0802/175733.692:ERROR:process_memory_win.cc(73)] ReadMemory at 0x20b4f1a7670 of 512 bytes failed: Only part of a ReadProcessMemory or WriteProcessMemory request was completed. (0x12B)
[0802/175733.692:ERROR:process_memory_win.cc(73)] ReadMemory at 0x20b4f1b84a0 of 712 bytes failed: Only part of a ReadProcessMemory or WriteProcessMemory request was completed. (0x12B)
[0802/175733.692:ERROR:process_memory_win.cc(73)] ReadMemory at 0x20b51360bc0 of 512 bytes failed: Only part of a ReadProcessMemory or WriteProcessMemory request was completed. (0x12B)
[0802/175733.692:ERROR:process_memory_win.cc(73)] ReadMemory at 0x20b530cf86c of 512 bytes failed: Only part of a ReadProcessMemory or WriteProcessMemory request was completed. (0x12B)
[0802/175733.692:ERROR:process_memory_win.cc(73)] ReadMemory at 0x20b53161790 of 512 bytes failed: Only part of a ReadProcessMemory or WriteProcessMemory request was completed. (0x12B)
[0802/175733.692:ERROR:process_memory_win.cc(73)] ReadMemory at 0x20b532d1960 of 512 bytes failed: Only part of a ReadProcessMemory or WriteProcessMemory request was completed. (0x12B)
[0802/175733.692:ERROR:process_memory_win.cc(73)] ReadMemory at 0x20b535f4dd0 of 672 bytes failed: Only part of a ReadProcessMemory or WriteProcessMemory request was completed. (0x12B)
[0802/175733.692:ERROR:process_memory_win.cc(73)] ReadMemory at 0x20b535f51c8 of 520 bytes failed: Only part of a ReadProcessMemory or WriteProcessMemory request was completed. (0x12B)
[0802/175733.692:ERROR:process_memory_win.cc(73)] ReadMemory at 0x20b535f64e0 of 520 bytes failed: Only part of a ReadProcessMemory or WriteProcessMemory request was completed. (0x12B)
[0802/175733.692:ERROR:process_memory_win.cc(73)] ReadMemory at 0x20b535f68d8 of 520 bytes failed: Only part of a ReadProcessMemory or WriteProcessMemory request was completed. (0x12B)
[0802/175733.692:ERROR:process_memory_win.cc(73)] ReadMemory at 0x20b55ec8aa3 of 512 bytes failed: Only part of a ReadProcessMemory or WriteProcessMemory request was completed. (0x12B)
[0802/175733.692:ERROR:process_memory_win.cc(73)] ReadMemory at 0x20b5600c470 of 512 bytes failed: Only part of a ReadProcessMemory or WriteProcessMemory request was completed. (0x12B)
[0802/175733.692:ERROR:process_memory_win.cc(73)] ReadMemory at 0x20b56043968 of 512 bytes failed: Only part of a ReadProcessMemory or WriteProcessMemory request was completed. (0x12B)
[0802/175733.692:ERROR:process_memory_win.cc(73)] ReadMemory at 0x20b560eb3d0 of 792 bytes failed: Only part of a ReadProcessMemory or WriteProcessMemory request was completed. (0x12B)
[0802/175733.692:ERROR:process_memory_win.cc(73)] ReadMemory at 0x20b56161160 of 512 bytes failed: Only part of a ReadProcessMemory or WriteProcessMemory request was completed. (0x12B)
[0802/175733.692:ERROR:process_memory_win.cc(73)] ReadMemory at 0x20b5620a4e8 of 512 bytes failed: Only part of a ReadProcessMemory or WriteProcessMemory request was completed. (0x12B)
[0802/175733.692:ERROR:process_memory_win.cc(73)] ReadMemory at 0x20b56251c70 of 512 bytes failed: Only part of a ReadProcessMemory or WriteProcessMemory request was completed. (0x12B)
[0802/175733.692:ERROR:process_memory_win.cc(73)] ReadMemory at 0x20b569b6640 of 512 bytes failed: Only part of a ReadProcessMemory or WriteProcessMemory request was completed. (0x12B)
[0802/175733.692:ERROR:process_memory_win.cc(73)] ReadMemory at 0x20b5b316b40 of 512 bytes failed: Only part of a ReadProcessMemory or WriteProcessMemory request was completed. (0x12B)
[0802/175733.692:ERROR:process_memory_win.cc(73)] ReadMemory at 0x13bc08040669 of 512 bytes failed: Only part of a ReadProcessMemory or WriteProcessMemory request was completed. (0x12B)
[0802/175733.692:ERROR:process_memory_win.cc(73)] ReadMemory at 0x13bc08379dc1 of 512 bytes failed: Only part of a ReadProcessMemory or WriteProcessMemory request was completed. (0x12B)
[0802/175733.692:ERROR:process_memory_win.cc(73)] ReadMemory at 0x7ffbffd26374 of 580 bytes failed: Only part of a ReadProcessMemory or WriteProcessMemory request was completed. (0x12B)
[0802/175733.692:ERROR:process_memory_win.cc(73)] ReadMemory at 0x7ffc019589f0 of 652 bytes failed: Only part of a ReadProcessMemory or WriteProcessMemory request was completed. (0x12B)
[0802/175733.692:ERROR:process_memory_win.cc(73)] ReadMemory at 0x7ffc0707258d of 512 bytes failed: Only part of a ReadProcessMemory or WriteProcessMemory request was completed. (0x12B)
[0802/175733.692:ERROR:process_memory_win.cc(73)] ReadMemory at 0x7ffc57f43dc9 of 512 bytes failed: Only part of a ReadProcessMemory or WriteProcessMemory request was completed. (0x12B)
[0802/175733.692:ERROR:process_memory_win.cc(73)] ReadMemory at 0x7ffc581ac738 of 512 bytes failed: Only part of a ReadProcessMemory or WriteProcessMemory request was completed. (0x12B)
[0802/175733.692:ERROR:process_memory_win.cc(73)] ReadMemory at 0x7ffc5a6aad94 of 672 bytes failed: Only part of a ReadProcessMemory or WriteProcessMemory request was completed. (0x12B)
[0802/175733.692:ERROR:process_memory_win.cc(73)] ReadMemory at 0x7ffc5a6ab394 of 512 bytes failed: Only part of a ReadProcessMemory or WriteProcessMemory request was completed. (0x12B)
[0802/175733.692:ERROR:process_memory_win.cc(73)] ReadMemory at 0x7ffc5a6ae704 of 608 bytes failed: Only part of a ReadProcessMemory or WriteProcessMemory request was completed. (0x12B)
[0802/175733.692:ERROR:process_memory_win.cc(73)] ReadMemory at 0x7ffc5a73f650 of 18 bytes failed: Only part of a ReadProcessMemory or WriteProcessMemory request was completed. (0x12B)
[0802/175733.692:ERROR:process_memory_win.cc(73)] ReadMemory at 0x7ffc5a7734f8 of 40 bytes failed: Only part of a ReadProcessMemory or WriteProcessMemory request was completed. (0x12B)
[0802/175733.692:ERROR:process_memory_win.cc(73)] ReadMemory at 0x7ffc5a773978 of 48 bytes failed: Only part of a ReadProcessMemory or WriteProcessMemory request was completed. (0x12B)
[0802/175733.692:ERROR:process_memory_win.cc(73)] ReadMemory at 0x7ffc5a7794c0 of 64 bytes failed: Only part of a ReadProcessMemory or WriteProcessMemory request was completed. (0x12B)
[0802/175733.692:ERROR:scoped_process_suspend.cc(40)] NtResumeProcess: An attempt was made to access an exiting process. (0xc000010a)
